<?xml version="1.0" encoding="UTF-8"?>
<!-- Generated by org.testng.reporters.JUnitReportReporter -->
<testsuite skipped="0" hostname="Snehalka-win10" name="org.testing.dataDriven.multipleLogin" tests="10" failures="0" timestamp="2023-05-08T17:18:44 IST" time="140.325" errors="0">
  <testcase name="TestCase" time="11.660" classname="org.testing.dataDriven.multipleLogin"/>
  <system-out/>
  <testcase name="TestCase" time="12.595" classname="org.testing.dataDriven.multipleLogin"/>
  <system-out/>
  <testcase name="TestCase" time="14.707" classname="org.testing.dataDriven.multipleLogin"/>
  <system-out/>
  <testcase name="TestCase" time="14.623" classname="org.testing.dataDriven.multipleLogin"/>
  <system-out/>
  <testcase name="TestCase" time="13.457" classname="org.testing.dataDriven.multipleLogin"/>
  <system-out/>
  <testcase name="TestCase" time="16.605" classname="org.testing.dataDriven.multipleLogin"/>
  <system-out/>
  <testcase name="TestCase" time="13.244" classname="org.testing.dataDriven.multipleLogin"/>
  <system-out/>
  <testcase name="TestCase" time="12.443" classname="org.testing.dataDriven.multipleLogin"/>
  <system-out/>
  <testcase name="TestCase" time="16.975" classname="org.testing.dataDriven.multipleLogin"/>
  <system-out/>
  <testcase name="TestCase" time="14.016" classname="org.testing.dataDriven.multipleLogin"/>
  <system-out/>
</testsuite> <!-- org.testing.dataDriven.multipleLogin -->
