<?xml version="1.0" encoding="UTF-8"?>
<!-- Generated by org.testng.reporters.JUnitReportReporter -->
<testsuite skipped="0" hostname="Snehalka-win10" name="org.testing.testscripts.TC7" tests="1" failures="0" timestamp="2023-05-08T15:48:10 IST" time="15.590" errors="0">
  <testcase name="testCase7" time="15.590" classname="org.testing.testscripts.TC7"/>
  <system-out/>
</testsuite> <!-- org.testing.testscripts.TC7 -->
