<?xml version="1.0" encoding="UTF-8"?>
<!-- Generated by org.testng.reporters.JUnitReportReporter -->
<testsuite skipped="0" hostname="Snehalka-win10" name="org.testing.testscripts.TC8" tests="1" failures="0" timestamp="2023-05-10T20:40:10 IST" time="15.225" errors="0">
  <testcase name="testCase8" time="15.225" classname="org.testing.testscripts.TC8"/>
  <system-out/>
</testsuite> <!-- org.testing.testscripts.TC8 -->
