<?xml version="1.0" encoding="UTF-8"?>
<!-- Generated by org.testng.reporters.JUnitReportReporter -->
<testsuite skipped="0" hostname="Snehalka-win10" name="org.testing.testscripts.TC4" tests="1" failures="0" timestamp="2023-05-08T15:48:10 IST" time="14.221" errors="0">
  <testcase name="testcase4" time="14.221" classname="org.testing.testscripts.TC4"/>
  <system-out/>
</testsuite> <!-- org.testing.testscripts.TC4 -->
