<?xml version="1.0" encoding="UTF-8"?>
<!-- Generated by org.testng.reporters.JUnitReportReporter -->
<testsuite skipped="0" hostname="Snehalka-win10" name="org.testing.testscripts.TC1" tests="1" failures="0" timestamp="2023-05-10T20:40:10 IST" time="42.444" errors="0">
  <testcase name="TestCase1" time="42.444" classname="org.testing.testscripts.TC1"/>
  <system-out/>
</testsuite> <!-- org.testing.testscripts.TC1 -->
